<?xml version="1.0" encoding="UTF-8"?>
<testsuite xmlns:xsi="http://www.w3.org/2001/XMLSchema-instance" xsi:noNamespaceSchemaLocation="https://maven.apache.org/surefire/maven-surefire-plugin/xsd/surefire-test-report-3.0.xsd" version="3.0" name="regex.MainTest" time="0.033" tests="18" errors="0" skipped="0" failures="0">
  <properties>
[...]
</properties>
  <testcase name="testExtractEmailsValid" classname="regex.MainTest" time="0.009"/>
  <testcase name="testPasswordValid" classname="regex.MainTest" time="0.005"/>
  <testcase name="testPasswordMissingUppercase" classname="regex.MainTest" time="0.001"/>
  <testcase name="testExtractEmailsInvalidDomain" classname="regex.MainTest" time="0.001"/>
  <testcase name="testPasswordTooShort" classname="regex.MainTest" time="0.001"/>
  <testcase name="testCheckForDoublesFalseOne" classname="regex.MainTest" time="0.001"/>
  <testcase name="testCheckForDoublesFalseTwo" classname="regex.MainTest" time="0.0"/>
  <testcase name="testPasswordMissingDigit" classname="regex.MainTest" time="0.001"/>
  <testcase name="testExtractEmailsNull" classname="regex.MainTest" time="0.001"/>
  <testcase name="testCheckForDoublesEdgeCaseSingleCapital" classname="regex.MainTest" time="0.0"/>
  <testcase name="testCheckForDoublesNull" classname="regex.MainTest" time="0.0"/>
  <testcase name="testExtractEmailsEmptyString" classname="regex.MainTest" time="0.0"/>
  <testcase name="testPasswordNull" classname="regex.MainTest" time="0.0"/>
  <testcase name="testPasswordMissingLowercase" classname="regex.MainTest" time="0.001"/>
  <testcase name="testCheckForDoublesTrueOne" classname="regex.MainTest" time="0.0"/>
  <testcase name="testCheckForDoublesTrueTwo" classname="regex.MainTest" time="0.001"/>
  <testcase name="testPasswordValidWithDifferentMinLength" classname="regex.MainTest" time="0.0"/>
  <testcase name="testExtractEmailsDuplicates" classname="regex.MainTest" time="0.001"/>
</testsuite>